<?xml version="1.0" encoding="UTF-8"?>
<testsuite name="cricketanalyser.CricketAnalyserTest" tests="5" skipped="0" failures="0" errors="0" timestamp="2020-05-19T18:05:50" hostname="MADHU" time="0.017">
  <properties/>
  <testcase name="givenIPL2019MostRunsData_WithIncorrectHeader_ShouldThrowException" classname="cricketanalyser.CricketAnalyserTest" time="0.013"/>
  <testcase name="givenIPL2019MostRunsData_WithIncorrectDelimiter_ShouldThrowException" classname="cricketanalyser.CricketAnalyserTest" time="0.0"/>
  <testcase name="givenIPL2019MostRunsData_WithWrongFileType_ShouldThrowException" classname="cricketanalyser.CricketAnalyserTest" time="0.0"/>
  <testcase name="givenIPL2019MostRunsData_WithWrongFilePath_ShouldThrowException" classname="cricketanalyser.CricketAnalyserTest" time="0.0"/>
  <testcase name="givenIPL2019MostRunsCSVFile_ReturnsCorrectRecords" classname="cricketanalyser.CricketAnalyserTest" time="0.0"/>
  <system-out><![CDATA[]]></system-out>
  <system-err><![CDATA[]]></system-err>
</testsuite>
