<?xml version="1.0" encoding="UTF-8"?>
<testsuite name="cricketanalyser.CricketAnalyserTest" tests="1" skipped="0" failures="0" errors="0" timestamp="2020-05-22T03:03:02" hostname="MADHU" time="0.052">
  <properties/>
  <testcase name="givenIPL2019MostRunsData_WhenSortDataAccordingToSixes_ShouldReturnBatsManWithMoreSixes" classname="cricketanalyser.CricketAnalyserTest" time="0.052"/>
  <system-out><![CDATA[]]></system-out>
  <system-err><![CDATA[]]></system-err>
</testsuite>
