<?xml version="1.0" encoding="UTF-8"?>
<testsuite name="cricketanalyser.CricketAnalyserTest" tests="7" skipped="0" failures="0" errors="0" timestamp="2020-05-20T03:48:20" hostname="MADHU" time="0.037">
  <properties/>
  <testcase name="givenIPL2019MostRunsData_WithIncorrectHeader_ShouldThrowException" classname="cricketanalyser.CricketAnalyserTest" time="0.012"/>
  <testcase name="givenIPL2019MostRunsData_WithIncorrectDelimiter_ShouldThrowException" classname="cricketanalyser.CricketAnalyserTest" time="0.002"/>
  <testcase name="givenIPL2019MostRunsData_WithWrongFileType_ShouldThrowException" classname="cricketanalyser.CricketAnalyserTest" time="0.002"/>
  <testcase name="givenIPL2019MostRunsData_WithWrongFilePath_ShouldThrowException" classname="cricketanalyser.CricketAnalyserTest" time="0.002"/>
  <testcase name="givenIPL2019MostRunsData_WhenSortDataAccordingToAverages_ShouldReturnSecondTopAverageBatsMen" classname="cricketanalyser.CricketAnalyserTest" time="0.005"/>
  <testcase name="givenIPL2019MostRunsData_WhenSortDataAccordingToAverages_ShouldReturnTopAverageBatsMen" classname="cricketanalyser.CricketAnalyserTest" time="0.001"/>
  <testcase name="givenIPL2019MostRunsCSVFile_ReturnsCorrectRecords" classname="cricketanalyser.CricketAnalyserTest" time="0.002"/>
  <system-out><![CDATA[]]></system-out>
  <system-err><![CDATA[]]></system-err>
</testsuite>
