<?xml version="1.0" encoding="UTF-8"?>
<testsuite name="cricketanalyser.CricketAnalyserTest" tests="1" skipped="0" failures="0" errors="0" timestamp="2020-05-21T05:26:45" hostname="MADHU" time="0.019">
  <properties/>
  <testcase name="givenIPL2019MostWicketsData_WhenSortAccordingToStrikeRateWithFiveAndFourWickets_ShouldReturnTopPlayers" classname="cricketanalyser.CricketAnalyserTest" time="0.019"/>
  <system-out><![CDATA[]]></system-out>
  <system-err><![CDATA[]]></system-err>
</testsuite>
