<?xml version="1.0" encoding="UTF-8"?>
<testsuite name="cricketanalyser.CricketAnalyserTest" tests="9" skipped="0" failures="0" errors="0" timestamp="2020-05-20T05:07:13" hostname="MADHU" time="0.042">
  <properties/>
  <testcase name="givenIPL2019MostRunsData_WithIncorrectHeader_ShouldThrowException" classname="cricketanalyser.CricketAnalyserTest" time="0.018"/>
  <testcase name="givenIPL2019MostRunsData_WithIncorrectDelimiter_ShouldThrowException" classname="cricketanalyser.CricketAnalyserTest" time="0.001"/>
  <testcase name="givenIPL2019MostRunsData_WhenSortDataAccordingToStrikeRates_ShouldReturnSecondTopAverageBatsMen" classname="cricketanalyser.CricketAnalyserTest" time="0.001"/>
  <testcase name="givenIPL2019MostRunsData_WithWrongFileType_ShouldThrowException" classname="cricketanalyser.CricketAnalyserTest" time="0.002"/>
  <testcase name="givenIPL2019MostRunsData_WithWrongFilePath_ShouldThrowException" classname="cricketanalyser.CricketAnalyserTest" time="0.0"/>
  <testcase name="givenIPL2019MostRunsData_WhenSortDataAccordingToAverages_ShouldReturnSecondTopAverageBatsMen" classname="cricketanalyser.CricketAnalyserTest" time="0.001"/>
  <testcase name="givenIPL2019MostRunsData_WhenSortDataAccordingToAverages_ShouldReturnTopAverageBatsMen" classname="cricketanalyser.CricketAnalyserTest" time="0.003"/>
  <testcase name="givenIPL2019MostRunsCSVFile_ReturnsCorrectRecords" classname="cricketanalyser.CricketAnalyserTest" time="0.001"/>
  <testcase name="givenIPL2019MostRunsData_WhenSortDataAccordingToStrikeRates_ShouldReturnTopAverageBatsMen" classname="cricketanalyser.CricketAnalyserTest" time="0.001"/>
  <system-out><![CDATA[]]></system-out>
  <system-err><![CDATA[]]></system-err>
</testsuite>
