<?xml version="1.0" encoding="UTF-8"?>
<testsuite name="cricketanalyser.CricketAnalyserTest" tests="1" skipped="0" failures="0" errors="0" timestamp="2020-05-23T03:48:35" hostname="MADHU" time="0.541">
  <properties/>
  <testcase name="givenIPL2019MostWicketsData_whenSortAccordingToWicketsAndAverages_shouldReturnPlayersInSortedOrder" classname="cricketanalyser.CricketAnalyserTest" time="0.541"/>
  <system-out><![CDATA[]]></system-out>
  <system-err><![CDATA[]]></system-err>
</testsuite>
