<?xml version="1.0" encoding="UTF-8"?>
<testsuite name="cricketanalyser.CricketAnalyserTest" tests="26" skipped="0" failures="0" errors="0" timestamp="2020-05-26T03:55:54" hostname="MADHU" time="5.016">
  <properties/>
  <testcase name="givenIplBatsMenData_whenSortDataAccordingToAverages_shouldReturnTopAverageBatsMen" classname="cricketanalyser.CricketAnalyserTest" time="0.59"/>
  <testcase name="givenIplBatsMenData_whenSortDataAccordingToStrikeRates_shouldReturnTopStrikeRateBatsMen" classname="cricketanalyser.CricketAnalyserTest" time="0.253"/>
  <testcase name="givenIplBatsMenData_whenDataLoaded_shouldReturnsCorrectRecords" classname="cricketanalyser.CricketAnalyserTest" time="0.234"/>
  <testcase name="givenIplBowlersData_WhenSortAccordingToAveragesAndStrikeRates_ShouldReturnPlayersInSortedOrder" classname="cricketanalyser.CricketAnalyserTest" time="0.198"/>
  <testcase name="givenIplBatsMenData_whenSortDataAccordingToFours_shouldReturnBatsMenWhoHitLessFours" classname="cricketanalyser.CricketAnalyserTest" time="0.217"/>
  <testcase name="givenIplBowlersAndBatsmenData_whenSortedAccordingToRunsAndWickets_shouldReturnPlayersInSorted" classname="cricketanalyser.CricketAnalyserTest" time="0.351"/>
  <testcase name="givenIplBatsMenData_withIncorrectHeader_shouldThrowException" classname="cricketanalyser.CricketAnalyserTest" time="0.025"/>
  <testcase name="givenIplBowlersData_whenDataLoaded_shouldReturnsCorrectRecords" classname="cricketanalyser.CricketAnalyserTest" time="0.219"/>
  <testcase name="givenIplBatsMenData_whenSortAccordingToRunsAndAverages_shouldReturnPlayersInSortedOrder" classname="cricketanalyser.CricketAnalyserTest" time="0.199"/>
  <testcase name="givenIplBatsMenData_whenSortAccordingToGreatAveragesBestStrikeRates_shouldReturnPlayersInSortedOrder" classname="cricketanalyser.CricketAnalyserTest" time="0.213"/>
  <testcase name="givenIplBowlersData_whenSortAccordingToAveragesAndStrikeRates_shouldReturnPlayersInSortedOrder" classname="cricketanalyser.CricketAnalyserTest" time="0.17"/>
  <testcase name="givenIplBatsMenData_whenFileTypeIsWrong_shouldThrowException" classname="cricketanalyser.CricketAnalyserTest" time="0.003"/>
  <testcase name="givenIplBatsMenData_whenWrongFilePath_shouldThrowException" classname="cricketanalyser.CricketAnalyserTest" time="0.001"/>
  <testcase name="givenIplBatsMenData_whenSortDataAccordingToStrikeRates_shouldReturnBatsMenWithLeastStrikeRate" classname="cricketanalyser.CricketAnalyserTest" time="0.192"/>
  <testcase name="givenIplBowlersAndBatsmenData_whenSortedAccordingToBestBattingAndBowlingAverages_shouldReturn" classname="cricketanalyser.CricketAnalyserTest" time="0.351"/>
  <testcase name="givenIplBatsMenData_whenSortDataAccordingToFours_shouldReturnBatsMenHitMostFours" classname="cricketanalyser.CricketAnalyserTest" time="0.18"/>
  <testcase name="givenIplBatsMenData_whenSortDataAccordingToSixes_shouldReturnBatsMenHitLeastSixes" classname="cricketanalyser.CricketAnalyserTest" time="0.181"/>
  <testcase name="givenIplBowlersData_whenSortAccordingToStrikeRate_shouldReturnPlayersInSortedOrder" classname="cricketanalyser.CricketAnalyserTest" time="0.167"/>
  <testcase name="givenIplBatsMenData_whenSortDataAccordingToSixes_shouldReturnBatsMenHitMoreSixes" classname="cricketanalyser.CricketAnalyserTest" time="0.185"/>
  <testcase name="givenIplBatsMenData_whenSortDataAccordingToStrikeRateWithMaximumFoursAndSixes_shouldReturnPlayerInSortedOrder" classname="cricketanalyser.CricketAnalyserTest" time="0.18"/>
  <testcase name="givenIplBatsMenData_whenSortDataAccordingToAverages_shouldReturnBatsManWithLeastAverage" classname="cricketanalyser.CricketAnalyserTest" time="0.196"/>
  <testcase name="givenIplBowlersData_WhenSortAccordingToAverages_ShouldReturnTopPlayers" classname="cricketanalyser.CricketAnalyserTest" time="0.194"/>
  <testcase name="givenIplBowlersData_whenSortAccordingToStrikeRateWithFiveAndFourWickets_shouldReturnPlayersInSortedOrder" classname="cricketanalyser.CricketAnalyserTest" time="0.162"/>
  <testcase name="givenIplBowlersData_whenSortAccordingToWicketsAndAverages_shouldReturnPlayersInSortedOrder" classname="cricketanalyser.CricketAnalyserTest" time="0.164"/>
  <testcase name="givenIplBowlersData_whenSortAccordingToEconomy_shouldReturnPlayersInSortedOrder" classname="cricketanalyser.CricketAnalyserTest" time="0.166"/>
  <testcase name="givenIplBatsMenData_withIncorrectDelimiter_shouldThrowException" classname="cricketanalyser.CricketAnalyserTest" time="0.007"/>
  <system-out><![CDATA[]]></system-out>
  <system-err><![CDATA[]]></system-err>
</testsuite>
